E:\LIBRARIES\CLOUD STORAGE\DROPBOX\SCHOOL\14 - FALL 2013\LASTBASTION\LASTBASTION\DEBUG\GAMEENGINE.OBJ
E:\LIBRARIES\CLOUD STORAGE\DROPBOX\SCHOOL\14 - FALL 2013\LASTBASTION\LASTBASTION\DEBUG\GAMELOG.OBJ
E:\LIBRARIES\CLOUD STORAGE\DROPBOX\SCHOOL\14 - FALL 2013\LASTBASTION\LASTBASTION\DEBUG\GAMEPLAYSTATE.OBJ
E:\LIBRARIES\CLOUD STORAGE\DROPBOX\SCHOOL\14 - FALL 2013\LASTBASTION\LASTBASTION\DEBUG\MAIN.OBJ
E:\LIBRARIES\CLOUD STORAGE\DROPBOX\SCHOOL\14 - FALL 2013\LASTBASTION\LASTBASTION\DEBUG\RENDERHELPER.OBJ
E:\LIBRARIES\CLOUD STORAGE\DROPBOX\SCHOOL\14 - FALL 2013\LASTBASTION\LASTBASTION\DEBUG\SETUPHELPER.OBJ
E:\LIBRARIES\CLOUD STORAGE\DROPBOX\SCHOOL\14 - FALL 2013\LASTBASTION\LASTBASTION\DEBUG\SPRITESHEET.OBJ
E:\LIBRARIES\CLOUD STORAGE\DROPBOX\SCHOOL\14 - FALL 2013\LASTBASTION\LASTBASTION\DEBUG\VC110.PDB
E:\LIBRARIES\CLOUD STORAGE\DROPBOX\SCHOOL\14 - FALL 2013\LASTBASTION\DEBUG\LASTBASTION.ILK
E:\LIBRARIES\CLOUD STORAGE\DROPBOX\SCHOOL\14 - FALL 2013\LASTBASTION\DEBUG\LASTBASTION.EXE
E:\LIBRARIES\CLOUD STORAGE\DROPBOX\SCHOOL\14 - FALL 2013\LASTBASTION\DEBUG\LASTBASTION.PDB
E:\Libraries\Cloud Storage\Dropbox\School\14 - Fall 2013\LastBastion\LastBastion\Debug\GameEngine.obj
E:\Libraries\Cloud Storage\Dropbox\School\14 - Fall 2013\LastBastion\LastBastion\Debug\GameLog.obj
E:\Libraries\Cloud Storage\Dropbox\School\14 - Fall 2013\LastBastion\LastBastion\Debug\GamePlayState.obj
E:\Libraries\Cloud Storage\Dropbox\School\14 - Fall 2013\LastBastion\LastBastion\Debug\main.obj
E:\Libraries\Cloud Storage\Dropbox\School\14 - Fall 2013\LastBastion\LastBastion\Debug\RenderHelper.obj
E:\Libraries\Cloud Storage\Dropbox\School\14 - Fall 2013\LastBastion\LastBastion\Debug\SetupHelper.obj
E:\Libraries\Cloud Storage\Dropbox\School\14 - Fall 2013\LastBastion\LastBastion\Debug\SpriteSheet.obj
E:\Libraries\Cloud Storage\Dropbox\School\14 - Fall 2013\LastBastion\LastBastion\Debug\cl.command.1.tlog
E:\Libraries\Cloud Storage\Dropbox\School\14 - Fall 2013\LastBastion\LastBastion\Debug\CL.read.1.tlog
E:\Libraries\Cloud Storage\Dropbox\School\14 - Fall 2013\LastBastion\LastBastion\Debug\CL.write.1.tlog
E:\Libraries\Cloud Storage\Dropbox\School\14 - Fall 2013\LastBastion\LastBastion\Debug\link.3524-cvtres.read.1.tlog
E:\Libraries\Cloud Storage\Dropbox\School\14 - Fall 2013\LastBastion\LastBastion\Debug\link.3524-cvtres.write.1.tlog
E:\Libraries\Cloud Storage\Dropbox\School\14 - Fall 2013\LastBastion\LastBastion\Debug\link.3524-rc.read.1.tlog
E:\Libraries\Cloud Storage\Dropbox\School\14 - Fall 2013\LastBastion\LastBastion\Debug\link.3524-rc.write.1.tlog
E:\Libraries\Cloud Storage\Dropbox\School\14 - Fall 2013\LastBastion\LastBastion\Debug\link.3524.read.1.tlog
E:\Libraries\Cloud Storage\Dropbox\School\14 - Fall 2013\LastBastion\LastBastion\Debug\link.3524.write.1.tlog
E:\Libraries\Cloud Storage\Dropbox\School\14 - Fall 2013\LastBastion\LastBastion\Debug\link.4592-cvtres.read.1.tlog
E:\Libraries\Cloud Storage\Dropbox\School\14 - Fall 2013\LastBastion\LastBastion\Debug\link.4592-cvtres.write.1.tlog
E:\Libraries\Cloud Storage\Dropbox\School\14 - Fall 2013\LastBastion\LastBastion\Debug\link.4592-rc.read.1.tlog
E:\Libraries\Cloud Storage\Dropbox\School\14 - Fall 2013\LastBastion\LastBastion\Debug\link.4592-rc.write.1.tlog
E:\Libraries\Cloud Storage\Dropbox\School\14 - Fall 2013\LastBastion\LastBastion\Debug\link.4592.read.1.tlog
E:\Libraries\Cloud Storage\Dropbox\School\14 - Fall 2013\LastBastion\LastBastion\Debug\link.4592.write.1.tlog
E:\Libraries\Cloud Storage\Dropbox\School\14 - Fall 2013\LastBastion\LastBastion\Debug\link.5992-cvtres.read.1.tlog
E:\Libraries\Cloud Storage\Dropbox\School\14 - Fall 2013\LastBastion\LastBastion\Debug\link.5992-cvtres.write.1.tlog
E:\Libraries\Cloud Storage\Dropbox\School\14 - Fall 2013\LastBastion\LastBastion\Debug\link.5992-rc.read.1.tlog
E:\Libraries\Cloud Storage\Dropbox\School\14 - Fall 2013\LastBastion\LastBastion\Debug\link.5992-rc.write.1.tlog
E:\Libraries\Cloud Storage\Dropbox\School\14 - Fall 2013\LastBastion\LastBastion\Debug\link.5992.read.1.tlog
E:\Libraries\Cloud Storage\Dropbox\School\14 - Fall 2013\LastBastion\LastBastion\Debug\link.5992.write.1.tlog
E:\Libraries\Cloud Storage\Dropbox\School\14 - Fall 2013\LastBastion\LastBastion\Debug\link.7860-cvtres.read.1.tlog
E:\Libraries\Cloud Storage\Dropbox\School\14 - Fall 2013\LastBastion\LastBastion\Debug\link.7860-cvtres.write.1.tlog
E:\Libraries\Cloud Storage\Dropbox\School\14 - Fall 2013\LastBastion\LastBastion\Debug\link.7860-rc.read.1.tlog
E:\Libraries\Cloud Storage\Dropbox\School\14 - Fall 2013\LastBastion\LastBastion\Debug\link.7860-rc.write.1.tlog
E:\Libraries\Cloud Storage\Dropbox\School\14 - Fall 2013\LastBastion\LastBastion\Debug\link.7860.read.1.tlog
E:\Libraries\Cloud Storage\Dropbox\School\14 - Fall 2013\LastBastion\LastBastion\Debug\link.7860.write.1.tlog
E:\Libraries\Cloud Storage\Dropbox\School\14 - Fall 2013\LastBastion\LastBastion\Debug\link.7876-cvtres.read.1.tlog
E:\Libraries\Cloud Storage\Dropbox\School\14 - Fall 2013\LastBastion\LastBastion\Debug\link.7876-cvtres.write.1.tlog
E:\Libraries\Cloud Storage\Dropbox\School\14 - Fall 2013\LastBastion\LastBastion\Debug\link.7876-rc.read.1.tlog
E:\Libraries\Cloud Storage\Dropbox\School\14 - Fall 2013\LastBastion\LastBastion\Debug\link.7876-rc.write.1.tlog
E:\Libraries\Cloud Storage\Dropbox\School\14 - Fall 2013\LastBastion\LastBastion\Debug\link.7876.read.1.tlog
E:\Libraries\Cloud Storage\Dropbox\School\14 - Fall 2013\LastBastion\LastBastion\Debug\link.7876.write.1.tlog
E:\Libraries\Cloud Storage\Dropbox\School\14 - Fall 2013\LastBastion\LastBastion\Debug\link.8032-cvtres.read.1.tlog
E:\Libraries\Cloud Storage\Dropbox\School\14 - Fall 2013\LastBastion\LastBastion\Debug\link.8032-cvtres.write.1.tlog
E:\Libraries\Cloud Storage\Dropbox\School\14 - Fall 2013\LastBastion\LastBastion\Debug\link.8032-rc.read.1.tlog
E:\Libraries\Cloud Storage\Dropbox\School\14 - Fall 2013\LastBastion\LastBastion\Debug\link.8032-rc.write.1.tlog
E:\Libraries\Cloud Storage\Dropbox\School\14 - Fall 2013\LastBastion\LastBastion\Debug\link.8032.read.1.tlog
E:\Libraries\Cloud Storage\Dropbox\School\14 - Fall 2013\LastBastion\LastBastion\Debug\link.8032.write.1.tlog
E:\Libraries\Cloud Storage\Dropbox\School\14 - Fall 2013\LastBastion\LastBastion\Debug\link.command.1.tlog
E:\Libraries\Cloud Storage\Dropbox\School\14 - Fall 2013\LastBastion\LastBastion\Debug\link.read.1.tlog
E:\Libraries\Cloud Storage\Dropbox\School\14 - Fall 2013\LastBastion\LastBastion\Debug\link.write.1.tlog
E:\Libraries\Cloud Storage\Dropbox\School\14 - Fall 2013\LastBastion\LastBastion\Debug\vc110.idb
E:\Libraries\Cloud Storage\Dropbox\School\14 - Fall 2013\LastBastion\LastBastion\Debug\vc110.pdb
E:\Libraries\Cloud Storage\Dropbox\School\14 - Fall 2013\LastBastion\Debug\LastBastion.pdb
E:\Libraries\Cloud Storage\Dropbox\School\14 - Fall 2013\LastBastion\Debug\LastBastion.exe
E:\Libraries\Cloud Storage\Dropbox\School\14 - Fall 2013\LastBastion\Debug\LastBastion.ilk
